<?xml version="1.0" encoding="UTF-8"?>
<!-- Generated by org.testng.reporters.JUnitXMLReporter -->
<testsuite ignored="0" hostname="Ganeshkumar" failures="1" tests="1" name="edgeTest" time="11.339" errors="0" timestamp="2024-10-16T21:41:04 IST">
  <testcase classname="testCases.TC01_RegistrationPage" name="verify_Account_Registration" time="1.292">
    <failure type="org.openqa.selenium.StaleElementReferenceException" message="The element with the reference 9fc7432c-fd1b-40ff-bbcb-73640b632b28 is stale; either its node document is not the active document, or it is no longer connected to the DOM
For documentation on this error, please visit: https://www.selenium.dev/documentation/webdriver/troubleshooting/errors#stale-element-reference-exception
Build info: version: &amp;apos;4.25.0&amp;apos;, revision: &amp;apos;8a8aea2337&amp;apos;
System info: os.name: &amp;apos;Windows 11&amp;apos;, os.arch: &amp;apos;amd64&amp;apos;, os.version: &amp;apos;10.0&amp;apos;, java.version: &amp;apos;21.0.2&amp;apos;
Driver info: org.openqa.selenium.firefox.FirefoxDriver
Command: [b0c24745-1a86-4a4c-9d06-e17da073019a, clickElement {id=9fc7432c-fd1b-40ff-bbcb-73640b632b28}]
Capabilities {acceptInsecureCerts: true, browserName: firefox, browserVersion: 131.0.3, moz:accessibilityChecks: false, moz:buildID: 20241011205646, moz:debuggerAddress: 127.0.0.1:14224, moz:geckodriverVersion: 0.35.0, moz:headless: false, moz:platformVersion: 10.0, moz:processID: 10276, moz:profile: C:\Users\ganes\AppData\Loca..., moz:shutdownTimeout: 60000, moz:webdriverClick: true, moz:windowless: false, pageLoadStrategy: normal, platformName: windows, proxy: Proxy(), se:cdp: ws://127.0.0.1:14224/devtoo..., se:cdpVersion: 85.0, setWindowRect: true, strictFileInteractability: false, timeouts: {implicit: 0, pageLoad: 300000, script: 30000}, unhandledPromptBehavior: dismiss and notify, userAgent: Mozilla/5.0 (Windows NT 10....}
Element: [[FirefoxDriver: firefox on windows (b0c24745-1a86-4a4c-9d06-e17da073019a)] -&amp;gt; xpath: //a[text()=&amp;apos;Test Login Page&amp;apos;]]
Session ID: b0c24745-1a86-4a4c-9d06-e17da073019a">
      <![CDATA[org.openqa.selenium.StaleElementReferenceException: The element with the reference 9fc7432c-fd1b-40ff-bbcb-73640b632b28 is stale; either its node document is not the active document, or it is no longer connected to the DOM
For documentation on this error, please visit: https://www.selenium.dev/documentation/webdriver/troubleshooting/errors#stale-element-reference-exception
Build info: version: '4.25.0', revision: '8a8aea2337'
System info: os.name: 'Windows 11', os.arch: 'amd64', os.version: '10.0', java.version: '21.0.2'
Driver info: org.openqa.selenium.firefox.FirefoxDriver
Command: [b0c24745-1a86-4a4c-9d06-e17da073019a, clickElement {id=9fc7432c-fd1b-40ff-bbcb-73640b632b28}]
Capabilities {acceptInsecureCerts: true, browserName: firefox, browserVersion: 131.0.3, moz:accessibilityChecks: false, moz:buildID: 20241011205646, moz:debuggerAddress: 127.0.0.1:14224, moz:geckodriverVersion: 0.35.0, moz:headless: false, moz:platformVersion: 10.0, moz:processID: 10276, moz:profile: C:\Users\ganes\AppData\Loca..., moz:shutdownTimeout: 60000, moz:webdriverClick: true, moz:windowless: false, pageLoadStrategy: normal, platformName: windows, proxy: Proxy(), se:cdp: ws://127.0.0.1:14224/devtoo..., se:cdpVersion: 85.0, setWindowRect: true, strictFileInteractability: false, timeouts: {implicit: 0, pageLoad: 300000, script: 30000}, unhandledPromptBehavior: dismiss and notify, userAgent: Mozilla/5.0 (Windows NT 10....}
Element: [[FirefoxDriver: firefox on windows (b0c24745-1a86-4a4c-9d06-e17da073019a)] -> xpath: //a[text()='Test Login Page']]
Session ID: b0c24745-1a86-4a4c-9d06-e17da073019a
at org.openqa.selenium.remote.ErrorCodec.decode(ErrorCodec.java:167)
at org.openqa.selenium.remote.codec.w3c.W3CHttpResponseCodec.decode(W3CHttpResponseCodec.java:138)
at org.openqa.selenium.remote.codec.w3c.W3CHttpResponseCodec.decode(W3CHttpResponseCodec.java:50)
at org.openqa.selenium.remote.HttpCommandExecutor.execute(HttpCommandExecutor.java:190)
at org.openqa.selenium.remote.service.DriverCommandExecutor.invokeExecute(DriverCommandExecutor.java:216)
at org.openqa.selenium.remote.service.DriverCommandExecutor.execute(DriverCommandExecutor.java:174)
at org.openqa.selenium.remote.RemoteWebDriver.execute(RemoteWebDriver.java:545)
at org.openqa.selenium.remote.RemoteWebElement.execute(RemoteWebElement.java:223)
at org.openqa.selenium.remote.RemoteWebElement.click(RemoteWebElement.java:76)
at org.openqa.selenium.support.pagefactory.internal.LocatingElementHandler.invoke(LocatingElementHandler.java:51)
at jdk.proxy2/jdk.proxy2.$Proxy30.click(Unknown Source)
at pageObjects.HomePage.setClickLoginPage(HomePage.java:38)
at testCases.TC01_RegistrationPage.verify_Account_Registration(TC01_RegistrationPage.java:20)
at java.base/java.util.ArrayList.forEach(ArrayList.java:1596)
at java.base/java.util.concurrent.FutureTask.run(FutureTask.java:317)
at java.base/java.util.concurrent.ThreadPoolExecutor.runWorker(ThreadPoolExecutor.java:1144)
at java.base/java.util.concurrent.ThreadPoolExecutor$Worker.run(ThreadPoolExecutor.java:642)
at java.base/java.lang.Thread.run(Thread.java:1583)
... Removed 20 stack frames]]>
    </failure>
  </testcase> <!-- verify_Account_Registration -->
</testsuite> <!-- edgeTest -->
