<?xml version="1.0" encoding="UTF-8"?>
<testng-results ignored="0" total="2" passed="2" failed="0" skipped="0">
  <reporter-output>
  </reporter-output>
  <suite started-at="2024-10-17T13:11:58 IST" name="Suite" finished-at="2024-10-17T13:12:24 IST" duration-ms="26323">
    <groups>
      <group name="Master">
        <method signature="TC03_LoginPage.Login_Page_Verification()[pri:0, instance:testCases.TC03_LoginPage@6f2cb653]" name="Login_Page_Verification" class="testCases.TC03_LoginPage"/>
        <method signature="TC03_LoginPage.Login_Page_Verification()[pri:0, instance:testCases.TC03_LoginPage@12dae582]" name="Login_Page_Verification" class="testCases.TC03_LoginPage"/>
      </group> <!-- Master -->
      <group name="Sanity">
        <method signature="TC03_LoginPage.Login_Page_Verification()[pri:0, instance:testCases.TC03_LoginPage@6f2cb653]" name="Login_Page_Verification" class="testCases.TC03_LoginPage"/>
        <method signature="TC03_LoginPage.Login_Page_Verification()[pri:0, instance:testCases.TC03_LoginPage@12dae582]" name="Login_Page_Verification" class="testCases.TC03_LoginPage"/>
      </group> <!-- Sanity -->
    </groups>
    <test started-at="2024-10-17T13:11:58 IST" name="Linux-chrome" finished-at="2024-10-17T13:12:09 IST" duration-ms="11647">
      <class name="testCases.TC03_LoginPage">
        <test-method is-config="true" signature="setup(java.lang.String,java.lang.String)[pri:0, instance:testCases.TC03_LoginPage@6f2cb653]" started-at="2024-10-17T13:11:58 IST" name="setup" finished-at="2024-10-17T13:12:07 IST" duration-ms="9345" status="PASS">
          <params>
            <param index="0">
              <value>
                <![CDATA[linux]]>
              </value>
            </param>
            <param index="1">
              <value>
                <![CDATA[chrome]]>
              </value>
            </param>
          </params>
          <reporter-output>
          </reporter-output>
        </test-method> <!-- setup -->
        <test-method signature="Login_Page_Verification()[pri:0, instance:testCases.TC03_LoginPage@6f2cb653]" started-at="2024-10-17T13:12:07 IST" name="Login_Page_Verification" finished-at="2024-10-17T13:12:09 IST" duration-ms="1809" status="PASS">
          <reporter-output>
          </reporter-output>
        </test-method> <!-- Login_Page_Verification -->
        <test-method is-config="true" signature="tearDown()[pri:0, instance:testCases.TC03_LoginPage@6f2cb653]" started-at="2024-10-17T13:12:09 IST" name="tearDown" finished-at="2024-10-17T13:12:09 IST" duration-ms="153" status="PASS">
          <reporter-output>
          </reporter-output>
        </test-method> <!-- tearDown -->
      </class> <!-- testCases.TC03_LoginPage -->
    </test> <!-- Linux-chrome -->
    <test started-at="2024-10-17T13:12:10 IST" name="Linux-firefox" finished-at="2024-10-17T13:12:24 IST" duration-ms="13656">
      <class name="testCases.TC03_LoginPage">
        <test-method is-config="true" signature="setup(java.lang.String,java.lang.String)[pri:0, instance:testCases.TC03_LoginPage@12dae582]" started-at="2024-10-17T13:12:10 IST" name="setup" finished-at="2024-10-17T13:12:21 IST" duration-ms="10447" status="PASS">
          <params>
            <param index="0">
              <value>
                <![CDATA[linux]]>
              </value>
            </param>
            <param index="1">
              <value>
                <![CDATA[firefox]]>
              </value>
            </param>
          </params>
          <reporter-output>
          </reporter-output>
        </test-method> <!-- setup -->
        <test-method signature="Login_Page_Verification()[pri:0, instance:testCases.TC03_LoginPage@12dae582]" started-at="2024-10-17T13:12:21 IST" name="Login_Page_Verification" finished-at="2024-10-17T13:12:23 IST" duration-ms="2129" status="PASS">
          <reporter-output>
          </reporter-output>
        </test-method> <!-- Login_Page_Verification -->
        <test-method is-config="true" signature="tearDown()[pri:0, instance:testCases.TC03_LoginPage@12dae582]" started-at="2024-10-17T13:12:23 IST" name="tearDown" finished-at="2024-10-17T13:12:24 IST" duration-ms="1068" status="PASS">
          <reporter-output>
          </reporter-output>
        </test-method> <!-- tearDown -->
      </class> <!-- testCases.TC03_LoginPage -->
    </test> <!-- Linux-firefox -->
  </suite> <!-- Suite -->
</testng-results>
